<?xml version="1.0" encoding="UTF-8"?>
<!-- Generated by org.testng.reporters.JUnitReportReporter -->
<testsuite hostname="Abhay-PC" failures="0" tests="1" name="com.codmind.project.b3.testcase.Testcase" time="84.075" errors="0" timestamp="2022-11-03T07:31:57 PDT" skipped="0">
  <testcase classname="com.codmind.project.b3.testcase.Testcase" name="verifyValidLogin" time="84.075"/>
  <system-out/>
</testsuite> <!-- com.codmind.project.b3.testcase.Testcase -->
